2020-12-21 09:43:17,964 INFO  [log] In TestCaseA1
2020-12-21 09:43:18,113 INFO  [log] In TestCaseA2
2020-12-21 09:43:18,136 INFO  [log] In TestCaseB1
2020-12-21 09:43:18,153 INFO  [log] In TestCaseB2
2020-12-21 09:43:18,169 INFO  [log] In TestCaseC1
2020-12-21 09:43:18,187 INFO  [log] In TestCaseC2
2020-12-21 09:51:42,977 INFO  [log] In TestCaseA1
2020-12-21 09:51:42,998 INFO  [log] In TestCaseA2
2020-12-21 09:51:43,014 INFO  [log] In TestCaseB1
2020-12-21 09:51:43,031 INFO  [log] In TestCaseB2
2020-12-21 09:51:43,048 INFO  [log] In TestCaseC1
2020-12-21 09:51:43,063 INFO  [log] In TestCaseC2
2020-12-23 08:20:31,374 INFO  [log] In TestCaseA1
2020-12-23 08:20:31,468 INFO  [log] In TestCaseA2
2020-12-23 08:20:31,489 INFO  [log] In TestCaseB1
2020-12-23 08:20:31,505 INFO  [log] In TestCaseB2
2020-12-23 08:20:31,519 INFO  [log] In TestCaseC1
2020-12-23 08:20:31,537 INFO  [log] In TestCaseC2
2020-12-23 08:35:18,720 INFO  [log] In TestCaseA1
2020-12-23 08:35:18,725 INFO  [log] In TestCaseA1
2020-12-23 08:35:18,726 INFO  [log] In TestCaseA1
2020-12-23 08:35:18,757 INFO  [log] In TestCaseA2
2020-12-23 08:35:18,758 INFO  [log] In TestCaseA2
2020-12-23 08:35:18,771 INFO  [log] In TestCaseB1
2020-12-23 08:35:18,772 INFO  [log] In TestCaseB1
2020-12-23 08:35:18,772 INFO  [log] In TestCaseB1
2020-12-23 08:35:18,788 INFO  [log] In TestCaseB2
2020-12-23 08:35:18,788 INFO  [log] In TestCaseB2
2020-12-23 08:35:18,803 INFO  [log] In TestCaseC1
2020-12-23 08:35:18,803 INFO  [log] In TestCaseC1
2020-12-23 08:35:18,803 INFO  [log] In TestCaseC1
2020-12-23 08:35:18,821 INFO  [log] In TestCaseC2
2020-12-23 08:35:18,822 INFO  [log] In TestCaseC2
2020-12-24 14:52:29,169 INFO  [log] In TestCaseA1
2020-12-24 14:52:29,171 INFO  [log] In TestCaseA1
2020-12-24 14:52:29,190 INFO  [log] In TestCaseA2
2020-12-24 14:52:29,208 INFO  [log] In TestCaseB1
2020-12-24 14:52:29,209 INFO  [log] In TestCaseB1
2020-12-24 14:52:29,233 INFO  [log] In TestCaseB2
2020-12-24 14:52:29,251 INFO  [log] In TestCaseC1
2020-12-24 14:52:29,251 INFO  [log] In TestCaseC1
2020-12-24 14:52:29,275 INFO  [log] In TestCaseC2
2020-12-24 15:00:19,714 INFO  [log] In TestCaseA1
2020-12-24 15:00:19,716 INFO  [log] In TestCaseA1
2020-12-24 15:00:19,736 INFO  [log] In TestCaseA2
2020-12-24 15:00:19,760 INFO  [log] In TestCaseB1
2020-12-24 15:00:19,762 INFO  [log] In TestCaseB1
2020-12-24 15:00:19,782 INFO  [log] In TestCaseB2
2020-12-24 15:00:19,800 INFO  [log] In TestCaseC1
2020-12-24 15:00:19,801 INFO  [log] In TestCaseC1
2020-12-24 15:00:19,819 INFO  [log] In TestCaseC2
2020-12-24 15:01:17,080 INFO  [log] In TestCaseA1
2020-12-24 15:01:17,083 INFO  [log] In TestCaseA1
2020-12-24 15:01:17,104 INFO  [log] In TestCaseA2
2020-12-24 15:01:17,122 INFO  [log] In TestCaseB1
2020-12-24 15:01:17,122 INFO  [log] In TestCaseB1
2020-12-24 15:01:17,141 INFO  [log] In TestCaseB2
2020-12-24 15:01:17,159 INFO  [log] In TestCaseC1
2020-12-24 15:01:17,160 INFO  [log] In TestCaseC1
2020-12-24 15:01:17,179 INFO  [log] In TestCaseC2
2020-12-24 15:41:22,732 INFO  [log] In TestCaseA1
2020-12-24 15:41:22,733 INFO  [log] In TestCaseA1
2020-12-24 15:41:22,752 INFO  [log] In TestCaseA2
2020-12-24 15:41:22,766 INFO  [log] In TestCaseB1
2020-12-24 15:41:22,766 INFO  [log] In TestCaseB1
2020-12-24 15:41:22,782 INFO  [log] In TestCaseB2
2020-12-24 15:41:22,803 INFO  [log] In TestCaseC1
2020-12-24 15:41:22,804 INFO  [log] In TestCaseC1
2020-12-24 15:41:22,822 INFO  [log] In TestCaseC2
2020-12-24 15:42:46,200 INFO  [log] In TestCaseA1
2020-12-24 15:42:46,203 INFO  [log] In TestCaseA1
2020-12-24 15:42:46,226 INFO  [log] In TestCaseA2
2020-12-24 15:42:46,248 INFO  [log] In TestCaseB1
2020-12-24 15:42:46,249 INFO  [log] In TestCaseB1
2020-12-24 15:42:46,273 INFO  [log] In TestCaseB2
2020-12-24 15:42:46,295 INFO  [log] In TestCaseC1
2020-12-24 15:42:46,296 INFO  [log] In TestCaseC1
2020-12-24 15:42:46,321 INFO  [log] In TestCaseC2
2020-12-24 15:44:04,267 INFO  [log] In TestCaseA1
2020-12-24 15:44:04,270 INFO  [log] In TestCaseA1
2020-12-24 15:44:04,287 INFO  [log] In TestCaseA2
2020-12-24 15:44:04,303 INFO  [log] In TestCaseB1
2020-12-24 15:44:04,303 INFO  [log] In TestCaseB1
2020-12-24 15:44:04,318 INFO  [log] In TestCaseB2
2020-12-24 15:44:04,333 INFO  [log] In TestCaseC1
2020-12-24 15:44:04,333 INFO  [log] In TestCaseC1
2020-12-24 15:44:04,352 INFO  [log] In TestCaseC2
2020-12-25 10:02:44,224 INFO  [log] In TestCaseA1
2020-12-25 10:02:44,253 INFO  [log] In TestCaseA1
2020-12-25 10:02:44,283 INFO  [log] In TestCaseA2
2020-12-25 10:02:44,312 INFO  [log] In TestCaseB1
2020-12-25 10:02:44,312 INFO  [log] In TestCaseB1
2020-12-25 10:02:44,326 INFO  [log] In TestCaseB2
2020-12-25 10:02:44,342 INFO  [log] In TestCaseC1
2020-12-25 10:02:44,342 INFO  [log] In TestCaseC1
2020-12-25 10:02:44,365 INFO  [log] In TestCaseC2
2020-12-25 11:18:00,658 INFO  [log] In TestCaseA1
2020-12-25 11:18:00,660 INFO  [log] In TestCaseA1
2020-12-25 11:18:00,660 INFO  [log] In TestCaseA1
2020-12-25 11:18:00,676 INFO  [log] In TestCaseA2
2020-12-25 11:18:00,676 INFO  [log] In TestCaseA2
2020-12-25 11:18:00,692 INFO  [log] In TestCaseB1
2020-12-25 11:18:00,692 INFO  [log] In TestCaseB1
2020-12-25 11:18:00,693 INFO  [log] In TestCaseB1
2020-12-25 11:18:00,707 INFO  [log] In TestCaseB2
2020-12-25 11:18:00,707 INFO  [log] In TestCaseB2
2020-12-25 11:18:00,722 INFO  [log] In TestCaseC1
2020-12-25 11:18:00,723 INFO  [log] In TestCaseC1
2020-12-25 11:18:00,723 INFO  [log] In TestCaseC1
2020-12-25 11:18:00,751 INFO  [log] In TestCaseC2
2020-12-25 11:18:00,752 INFO  [log] In TestCaseC2
2020-12-25 11:23:29,439 INFO  [log] In TestCaseA1
2020-12-25 11:23:29,442 INFO  [log] In TestCaseA1
2020-12-25 11:23:29,443 INFO  [log] In TestCaseA1
2020-12-25 11:23:29,463 INFO  [log] In TestCaseA2
2020-12-25 11:23:29,464 INFO  [log] In TestCaseA2
2020-12-25 11:23:29,482 INFO  [log] In TestCaseB1
2020-12-25 11:23:29,482 INFO  [log] In TestCaseB1
2020-12-25 11:23:29,483 INFO  [log] In TestCaseB1
2020-12-25 11:23:29,507 INFO  [log] In TestCaseB2
2020-12-25 11:23:29,507 INFO  [log] In TestCaseB2
2020-12-25 11:23:29,534 INFO  [log] In TestCaseC1
2020-12-25 11:23:29,535 INFO  [log] In TestCaseC1
2020-12-25 11:23:29,535 INFO  [log] In TestCaseC1
2020-12-25 11:23:29,555 INFO  [log] In TestCaseC2
2020-12-25 11:23:29,555 INFO  [log] In TestCaseC2
2020-12-25 11:32:16,535 INFO  [log] In TestCaseA1
2020-12-25 11:32:16,575 INFO  [log] null-------------null-------------null
2020-12-25 11:32:16,601 INFO  [log] In TestCaseA1
2020-12-25 11:32:16,601 INFO  [log] null-------------null-------------null
2020-12-25 11:32:16,602 INFO  [log] In TestCaseA1
2020-12-25 11:32:16,602 INFO  [log] null-------------null-------------null
2020-12-25 11:32:16,622 INFO  [log] In TestCaseA2
2020-12-25 11:32:16,623 INFO  [log] In TestCaseA2
2020-12-25 11:32:16,643 INFO  [log] In TestCaseB1
2020-12-25 11:32:16,643 INFO  [log] In TestCaseB1
2020-12-25 11:32:16,644 INFO  [log] In TestCaseB1
2020-12-25 11:32:16,662 INFO  [log] In TestCaseB2
2020-12-25 11:32:16,663 INFO  [log] In TestCaseB2
2020-12-25 11:32:16,682 INFO  [log] In TestCaseC1
2020-12-25 11:32:16,683 INFO  [log] In TestCaseC1
2020-12-25 11:32:16,683 INFO  [log] In TestCaseC1
2020-12-25 11:32:16,702 INFO  [log] In TestCaseC2
2020-12-25 11:32:16,703 INFO  [log] In TestCaseC2
2020-12-25 12:15:22,315 INFO  [log] In TestCaseA1
2020-12-25 12:15:22,346 INFO  [log] Y-------------DummyA2-------------DummyA2
2020-12-25 12:15:22,379 INFO  [log] In TestCaseA1
2020-12-25 12:15:22,379 INFO  [log] N-------------DummyA5-------------DummyA5
2020-12-25 12:15:22,379 INFO  [log] In TestCaseA1
2020-12-25 12:15:22,379 INFO  [log] Y-------------DummyA8-------------DummyA8
2020-12-25 12:15:22,394 INFO  [log] In TestCaseA2
2020-12-25 12:15:22,395 INFO  [log] In TestCaseA2
2020-12-25 12:15:22,411 INFO  [log] In TestCaseB1
2020-12-25 12:15:22,412 INFO  [log] In TestCaseB1
2020-12-25 12:15:22,412 INFO  [log] In TestCaseB1
2020-12-25 12:15:22,427 INFO  [log] In TestCaseB2
2020-12-25 12:15:22,428 INFO  [log] In TestCaseB2
2020-12-25 12:15:22,451 INFO  [log] In TestCaseC1
2020-12-25 12:15:22,452 INFO  [log] In TestCaseC1
2020-12-25 12:15:22,453 INFO  [log] In TestCaseC1
2020-12-25 12:15:22,474 INFO  [log] In TestCaseC2
2020-12-25 12:15:22,475 INFO  [log] In TestCaseC2
2020-12-25 14:17:33,746 INFO  [log] In TestCaseA1
2020-12-25 14:17:33,783 INFO  [log] Y-------------DummyA2-------------DummyA2
2020-12-25 14:17:33,819 INFO  [log] In TestCaseA1
2020-12-25 14:17:33,819 INFO  [log] N-------------DummyA5-------------DummyA5
2020-12-25 14:17:33,820 INFO  [log] In TestCaseA1
2020-12-25 14:17:33,820 INFO  [log] Y-------------DummyA8-------------DummyA8
2020-12-25 14:17:33,837 INFO  [log] In TestCaseA2
2020-12-25 14:17:33,839 INFO  [log] In TestCaseA2
2020-12-25 14:17:33,859 INFO  [log] In TestCaseB1
2020-12-25 14:17:33,861 INFO  [log] In TestCaseB1
2020-12-25 14:17:33,861 INFO  [log] In TestCaseB1
2020-12-25 14:17:33,935 INFO  [log] In TestCaseB2
2020-12-25 14:17:33,935 INFO  [log] In TestCaseB2
2020-12-25 14:17:33,958 INFO  [log] In TestCaseC1
2020-12-25 14:17:33,959 INFO  [log] In TestCaseC1
2020-12-25 14:17:33,959 INFO  [log] In TestCaseC1
2020-12-25 14:17:33,981 INFO  [log] In TestCaseC2
2020-12-25 14:17:33,981 INFO  [log] In TestCaseC2
2020-12-25 14:19:58,876 INFO  [log] In TestCaseA1
2020-12-25 14:19:58,894 INFO  [log] Y-------------DummyA2-------------DummyA2
2020-12-25 14:19:58,926 INFO  [log] In TestCaseA1
2020-12-25 14:19:58,927 INFO  [log] Y-------------DummyA8-------------DummyA8
2020-12-25 14:19:58,944 INFO  [log] In TestCaseA2
2020-12-25 14:19:58,982 INFO  [log] In TestCaseB1
2020-12-25 14:19:58,983 INFO  [log] In TestCaseB1
2020-12-25 14:19:59,007 INFO  [log] In TestCaseB2
2020-12-25 14:19:59,033 INFO  [log] In TestCaseC1
2020-12-25 14:19:59,034 INFO  [log] In TestCaseC1
2020-12-25 14:19:59,072 INFO  [log] In TestCaseC2
2020-12-26 08:28:05,317 INFO  [log] In TestCaseA1
2020-12-26 08:28:05,345 INFO  [log] Y-------------DummyA2-------------DummyA2
2020-12-26 08:28:05,369 INFO  [log] In TestCaseA1
2020-12-26 08:28:05,369 INFO  [log] Y-------------DummyA8-------------DummyA8
2020-12-26 08:28:05,383 INFO  [log] In TestCaseA2
2020-12-26 08:28:05,402 INFO  [log] In TestCaseB1
2020-12-26 08:28:05,403 INFO  [log] In TestCaseB1
2020-12-26 08:28:05,419 INFO  [log] In TestCaseB2
2020-12-26 08:28:05,442 INFO  [log] In TestCaseC1
2020-12-26 08:28:05,443 INFO  [log] In TestCaseC1
2020-12-26 08:28:05,465 INFO  [log] In TestCaseC2
2020-12-26 09:50:01,227 INFO  [log] In TestCaseA1
2020-12-26 09:50:01,262 INFO  [log] Y-------------DummyA2-------------DummyA2
2020-12-26 09:50:01,290 INFO  [log] In TestCaseA1
2020-12-26 09:50:01,291 INFO  [log] Y-------------DummyA8-------------DummyA8
2020-12-26 09:50:04,259 INFO  [log] In TestCaseA2
2020-12-26 09:50:07,283 INFO  [log] In TestCaseB1
2020-12-26 09:50:07,283 INFO  [log] In TestCaseB1
2020-12-26 09:50:09,522 INFO  [log] In TestCaseB2
2020-12-26 09:50:12,285 INFO  [log] In TestCaseC1
2020-12-26 09:50:12,285 INFO  [log] In TestCaseC1
2020-12-26 09:50:14,830 INFO  [log] In TestCaseC2
2020-12-26 09:57:10,290 INFO  [log] In TestCaseA1
2020-12-26 09:57:10,303 INFO  [log] Y-------------DummyA2-------------DummyA2
2020-12-26 09:57:10,328 INFO  [log] In TestCaseA1
2020-12-26 09:57:10,328 INFO  [log] Y-------------DummyA8-------------DummyA8
2020-12-26 09:57:13,156 INFO  [log] In TestCaseA2
2020-12-26 09:57:16,201 INFO  [log] In TestCaseB1
2020-12-26 09:57:16,202 INFO  [log] In TestCaseB1
2020-12-26 09:57:18,358 INFO  [log] In TestCaseB2
2020-12-26 09:57:22,424 INFO  [log] In TestCaseC1
2020-12-26 09:57:22,425 INFO  [log] In TestCaseC1
2020-12-26 09:57:24,244 INFO  [log] In TestCaseC2
2020-12-26 09:59:40,028 INFO  [log] In TestCaseA1
2020-12-26 09:59:40,246 INFO  [log] Y-------------DummyA2-------------DummyA2
2020-12-26 09:59:40,459 INFO  [log] In TestCaseA1
2020-12-26 09:59:40,459 INFO  [log] Y-------------DummyA8-------------DummyA8
2020-12-26 09:59:43,853 INFO  [log] In TestCaseA2
2020-12-26 09:59:46,333 INFO  [log] In TestCaseB1
2020-12-26 09:59:46,334 INFO  [log] In TestCaseB1
2020-12-26 09:59:48,733 INFO  [log] In TestCaseB2
2020-12-26 09:59:50,426 INFO  [log] In TestCaseC1
2020-12-26 09:59:50,426 INFO  [log] In TestCaseC1
2020-12-26 09:59:52,802 INFO  [log] In TestCaseC2
2020-12-26 10:06:56,249 INFO  [log] In TestCaseA1
2020-12-26 10:06:56,268 INFO  [log] Y-------------DummyA2-------------DummyA2
2020-12-26 10:06:56,308 INFO  [log] In TestCaseA1
2020-12-26 10:06:56,308 INFO  [log] Y-------------DummyA8-------------DummyA8
2020-12-26 10:06:58,711 INFO  [log] In TestCaseA2
2020-12-26 10:07:00,684 INFO  [log] In TestCaseB1
2020-12-26 10:07:00,684 INFO  [log] In TestCaseB1
2020-12-26 10:07:04,264 INFO  [log] In TestCaseB2
2020-12-26 10:07:06,181 INFO  [log] In TestCaseC1
2020-12-26 10:07:06,181 INFO  [log] In TestCaseC1
2020-12-26 10:07:07,652 INFO  [log] In TestCaseC2
2020-12-26 10:15:56,066 INFO  [log] In TestCaseA1
2020-12-26 10:15:56,086 INFO  [log] Y-------------DummyA2-------------DummyA2
2020-12-26 10:15:56,118 INFO  [log] In TestCaseA1
2020-12-26 10:15:56,118 INFO  [log] Y-------------DummyA8-------------DummyA8
2020-12-26 10:15:58,669 INFO  [log] In TestCaseA2
2020-12-26 10:17:25,287 INFO  [log] In TestCaseA1
2020-12-26 10:17:25,420 INFO  [log] Y-------------DummyA2-------------DummyA2
2020-12-26 10:17:25,500 INFO  [log] In TestCaseA1
2020-12-26 10:17:25,500 INFO  [log] Y-------------DummyA8-------------DummyA8
2020-12-26 10:17:28,195 INFO  [log] In TestCaseA2
2020-12-26 10:17:30,474 INFO  [log] In TestCaseB1
2020-12-26 10:17:30,474 INFO  [log] In TestCaseB1
2020-12-26 10:17:32,462 INFO  [log] In TestCaseB2
2020-12-26 10:17:34,570 INFO  [log] In TestCaseC1
2020-12-26 10:17:34,571 INFO  [log] In TestCaseC1
2020-12-26 10:17:36,054 INFO  [log] In TestCaseC2
2020-12-26 10:26:40,262 INFO  [log] In TestCaseA1
2020-12-26 10:26:40,280 INFO  [log] Y-------------DummyA2-------------DummyA2
2020-12-26 10:26:40,315 INFO  [log] In TestCaseA1
2020-12-26 10:26:40,315 INFO  [log] Y-------------DummyA8-------------DummyA8
2020-12-26 10:26:42,904 INFO  [log] In TestCaseA2
2020-12-26 10:26:44,787 INFO  [log] In TestCaseB1
2020-12-26 10:26:44,788 INFO  [log] In TestCaseB1
2020-12-26 10:26:46,385 INFO  [log] In TestCaseB2
2020-12-26 10:26:48,000 INFO  [log] In TestCaseC1
2020-12-26 10:26:48,001 INFO  [log] In TestCaseC1
2020-12-26 10:26:49,492 INFO  [log] In TestCaseC2
2020-12-26 10:31:39,074 INFO  [log] In TestCaseA1
2020-12-26 10:31:39,092 INFO  [log] Y-------------DummyA2-------------DummyA2
2020-12-26 10:31:39,123 INFO  [log] In TestCaseA1
2020-12-26 10:31:39,124 INFO  [log] Y-------------DummyA8-------------DummyA8
2020-12-26 10:31:43,066 INFO  [log] In TestCaseA2
2020-12-26 10:31:45,143 INFO  [log] In TestCaseB1
2020-12-26 10:31:45,144 INFO  [log] In TestCaseB1
2020-12-26 10:31:47,047 INFO  [log] In TestCaseB2
2020-12-26 10:31:48,911 INFO  [log] In TestCaseC1
2020-12-26 10:31:48,911 INFO  [log] In TestCaseC1
2020-12-26 10:31:51,001 INFO  [log] In TestCaseC2
2020-12-26 10:35:31,487 INFO  [log] In TestCaseA1
2020-12-26 10:35:31,650 INFO  [log] Y-------------DummyA2-------------DummyA2
2020-12-26 10:35:31,738 INFO  [log] In TestCaseA1
2020-12-26 10:35:31,739 INFO  [log] Y-------------DummyA8-------------DummyA8
2020-12-26 10:35:34,571 INFO  [log] In TestCaseA2
2020-12-26 10:37:32,092 INFO  [log] In TestCaseA1
2020-12-26 10:37:32,113 INFO  [log] Y-------------DummyA2-------------DummyA2
2020-12-26 10:37:32,144 INFO  [log] In TestCaseA1
2020-12-26 10:37:32,144 INFO  [log] Y-------------DummyA8-------------DummyA8
2020-12-26 10:37:34,549 INFO  [log] In TestCaseA2
2020-12-26 10:37:36,578 INFO  [log] In TestCaseB1
2020-12-26 10:37:36,579 INFO  [log] In TestCaseB1
2020-12-26 10:37:38,775 INFO  [log] In TestCaseB2
2020-12-26 10:37:41,023 INFO  [log] In TestCaseC1
2020-12-26 10:37:41,023 INFO  [log] In TestCaseC1
2020-12-26 10:37:45,253 INFO  [log] In TestCaseC2
2020-12-26 10:38:36,998 INFO  [log] In TestCaseA1
2020-12-26 10:38:37,290 INFO  [log] Y-------------DummyA2-------------DummyA2
2020-12-26 10:38:37,588 INFO  [log] In TestCaseA1
2020-12-26 10:38:37,588 INFO  [log] Y-------------DummyA8-------------DummyA8
2020-12-26 10:38:42,217 INFO  [log] In TestCaseA2
2020-12-26 10:38:46,054 INFO  [log] In TestCaseB1
2020-12-26 10:38:46,055 INFO  [log] In TestCaseB1
2020-12-26 10:38:51,238 INFO  [log] In TestCaseB2
2020-12-26 10:38:54,852 INFO  [log] In TestCaseC1
2020-12-26 10:38:54,852 INFO  [log] In TestCaseC1
2020-12-26 10:39:01,108 INFO  [log] In TestCaseC2
2020-12-27 10:32:46,593 INFO  [log] In TestCaseA1
2020-12-27 10:32:46,877 INFO  [log] Y-------------DummyA2-------------DummyA2
2020-12-27 10:32:47,058 INFO  [log] In TestCaseA1
2020-12-27 10:32:47,058 INFO  [log] Y-------------DummyA8-------------DummyA8
2020-12-27 10:32:55,528 INFO  [log] In TestCaseA2
2020-12-27 10:32:59,498 INFO  [log] In TestCaseB1
2020-12-27 10:32:59,503 INFO  [log] In TestCaseB1
2020-12-27 10:33:01,458 INFO  [log] In TestCaseB2
2020-12-27 10:33:03,620 INFO  [log] In TestCaseC1
2020-12-27 10:33:03,623 INFO  [log] In TestCaseC1
2020-12-27 10:33:05,479 INFO  [log] In TestCaseC2
2020-12-27 18:48:41,374 INFO  [log] In TestCaseA1
2020-12-27 18:48:41,392 INFO  [log] Y-------------DummyA2-------------DummyA2
2020-12-27 18:48:41,444 INFO  [log] In TestCaseA1
2020-12-27 18:48:41,444 INFO  [log] Y-------------DummyA8-------------DummyA8
2020-12-27 18:48:43,798 INFO  [log] In TestCaseA2
2020-12-27 18:48:45,825 INFO  [log] In TestCaseB1
2020-12-27 18:48:45,830 INFO  [log] In TestCaseB1
2020-12-27 18:48:47,576 INFO  [log] In TestCaseB2
2020-12-27 18:48:49,418 INFO  [log] In TestCaseC1
2020-12-27 18:48:49,432 INFO  [log] In TestCaseC1
2020-12-27 18:48:51,613 INFO  [log] In TestCaseC2
2020-12-27 18:50:38,602 INFO  [log] In TestCaseA1
2020-12-27 18:50:38,625 INFO  [log] Y-------------DummyA2-------------DummyA2
2020-12-27 18:50:38,671 INFO  [log] In TestCaseA1
2020-12-27 18:50:38,671 INFO  [log] Y-------------DummyA8-------------DummyA8
2020-12-27 18:50:41,376 INFO  [log] In TestCaseA2
2020-12-27 18:50:44,052 INFO  [log] In TestCaseB1
2020-12-27 18:50:44,057 INFO  [log] In TestCaseB1
2020-12-27 18:50:46,971 INFO  [log] In TestCaseB2
2020-12-27 18:50:49,865 INFO  [log] In TestCaseC1
2020-12-27 18:50:49,868 INFO  [log] In TestCaseC1
2020-12-27 18:50:53,972 INFO  [log] In TestCaseC2
2020-12-27 18:58:56,957 INFO  [log] In TestCaseA1
2020-12-27 18:58:57,070 INFO  [log] Y-------------DummyA2-------------DummyA2
2020-12-27 18:58:57,978 INFO  [log] In TestCaseA1
2020-12-27 18:58:57,978 INFO  [log] Y-------------DummyA8-------------DummyA8
2020-12-27 18:59:01,796 INFO  [log] In TestCaseA2
2020-12-27 18:59:04,374 INFO  [log] In TestCaseB1
2020-12-27 18:59:05,110 INFO  [log] In TestCaseB1
2020-12-27 18:59:07,254 INFO  [log] In TestCaseB2
2020-12-27 18:59:11,267 INFO  [log] In TestCaseC1
2020-12-27 18:59:11,726 INFO  [log] In TestCaseC1
2020-12-27 18:59:14,650 INFO  [log] In TestCaseC2
2020-12-27 19:18:21,178 INFO  [log] In TestCaseA1
2020-12-27 19:18:21,194 INFO  [log] Y-------------DummyA2-------------DummyA2
2020-12-27 19:18:21,229 INFO  [log] In TestCaseA1
2020-12-27 19:18:21,229 INFO  [log] Y-------------DummyA8-------------DummyA8
2020-12-27 19:18:23,569 INFO  [log] In TestCaseA2
2020-12-27 19:18:26,013 INFO  [log] In TestCaseB1
2020-12-27 19:18:26,014 INFO  [log] In TestCaseB1
2020-12-27 19:18:29,034 INFO  [log] In TestCaseB2
2020-12-27 19:18:31,097 INFO  [log] In TestCaseC1
2020-12-27 19:18:31,098 INFO  [log] In TestCaseC1
2020-12-27 19:18:34,450 INFO  [log] In TestCaseC2
2020-12-27 19:22:55,366 INFO  [log] In TestCaseA1
2020-12-27 19:22:55,386 INFO  [log] Y-------------DummyA2-------------DummyA2
2020-12-27 19:22:55,420 INFO  [log] In TestCaseA1
2020-12-27 19:22:55,420 INFO  [log] Y-------------DummyA8-------------DummyA8
2020-12-27 19:22:57,936 INFO  [log] In TestCaseA2
2020-12-27 19:23:00,232 INFO  [log] In TestCaseB1
2020-12-27 19:23:00,233 INFO  [log] In TestCaseB1
2020-12-27 19:23:02,095 INFO  [log] In TestCaseB2
2020-12-27 19:23:04,368 INFO  [log] In TestCaseC1
2020-12-27 19:23:04,369 INFO  [log] In TestCaseC1
2020-12-27 19:23:08,485 INFO  [log] In TestCaseC2
2020-12-27 19:25:15,420 INFO  [log] In TestCaseA1
2020-12-27 19:25:15,446 INFO  [log] Y-------------DummyA2-------------DummyA2
2020-12-27 19:25:15,484 INFO  [log] In TestCaseA1
2020-12-27 19:25:15,484 INFO  [log] Y-------------DummyA8-------------DummyA8
2020-12-27 19:25:18,370 INFO  [log] In TestCaseA2
2020-12-27 19:25:20,361 INFO  [log] In TestCaseB1
2020-12-27 19:25:20,362 INFO  [log] In TestCaseB1
2020-12-27 19:25:22,392 INFO  [log] In TestCaseB2
2020-12-27 19:25:26,253 INFO  [log] In TestCaseC1
2020-12-27 19:25:26,253 INFO  [log] In TestCaseC1
2020-12-27 19:25:28,079 INFO  [log] In TestCaseC2
2020-12-27 19:33:37,910 INFO  [log] In TestCaseA1
2020-12-27 19:33:38,057 INFO  [log] Y-------------DummyA2-------------DummyA2
2020-12-27 19:33:38,099 INFO  [log] In TestCaseA1
2020-12-27 19:33:38,099 INFO  [log] Y-------------DummyA8-------------DummyA8
2020-12-27 19:33:41,675 INFO  [log] In TestCaseA2
2020-12-27 19:33:44,539 INFO  [log] In TestCaseB1
2020-12-27 19:33:44,540 INFO  [log] In TestCaseB1
2020-12-27 19:33:47,035 INFO  [log] In TestCaseB2
2020-12-27 19:33:51,464 INFO  [log] In TestCaseC1
2020-12-27 19:33:51,465 INFO  [log] In TestCaseC1
2020-12-27 19:33:53,830 INFO  [log] In TestCaseC2
2020-12-27 19:35:54,134 INFO  [log] In TestCaseA1
2020-12-27 19:35:54,155 INFO  [log] Y-------------DummyA2-------------DummyA2
2020-12-27 19:35:54,190 INFO  [log] In TestCaseA1
2020-12-27 19:35:54,190 INFO  [log] Y-------------DummyA8-------------DummyA8
2020-12-27 19:35:56,972 INFO  [log] In TestCaseA2
2020-12-27 19:36:02,358 INFO  [log] In TestCaseB1
2020-12-27 19:36:02,359 INFO  [log] In TestCaseB1
2020-12-27 19:36:04,684 INFO  [log] In TestCaseB2
2020-12-27 19:36:06,980 INFO  [log] In TestCaseC1
2020-12-27 19:36:06,981 INFO  [log] In TestCaseC1
2020-12-27 19:36:09,233 INFO  [log] In TestCaseC2
2020-12-27 19:37:19,973 INFO  [log] In TestCaseA1
2020-12-27 19:37:19,991 INFO  [log] Y-------------DummyA2-------------DummyA2
2020-12-27 19:37:20,024 INFO  [log] In TestCaseA1
2020-12-27 19:37:20,025 INFO  [log] Y-------------DummyA8-------------DummyA8
2020-12-27 19:37:22,137 INFO  [log] In TestCaseA2
2020-12-27 19:37:24,163 INFO  [log] In TestCaseB1
2020-12-27 19:37:24,164 INFO  [log] In TestCaseB1
2020-12-27 19:37:25,889 INFO  [log] In TestCaseB2
2020-12-27 19:37:29,801 INFO  [log] In TestCaseC1
2020-12-27 19:37:29,801 INFO  [log] In TestCaseC1
2020-12-27 19:37:31,432 INFO  [log] In TestCaseC2
2020-12-27 19:42:40,128 INFO  [log] In TestCaseA1
2020-12-27 19:42:40,146 INFO  [log] Y-------------DummyA2-------------DummyA2
2020-12-27 19:42:40,185 INFO  [log] In TestCaseA1
2020-12-27 19:42:40,185 INFO  [log] Y-------------DummyA8-------------DummyA8
2020-12-27 19:42:42,764 INFO  [log] In TestCaseA2
2020-12-27 19:42:45,333 INFO  [log] In TestCaseB1
2020-12-27 19:42:45,334 INFO  [log] In TestCaseB1
2020-12-27 19:42:46,922 INFO  [log] In TestCaseB2
2020-12-27 19:42:48,943 INFO  [log] In TestCaseC1
2020-12-27 19:42:48,943 INFO  [log] In TestCaseC1
2020-12-27 19:42:50,681 INFO  [log] In TestCaseC2
2020-12-27 20:05:17,832 INFO  [log] In TestCaseA1
2020-12-27 20:05:17,854 INFO  [log] Y-------------DummyA2-------------DummyA2
2020-12-27 20:05:17,889 INFO  [log] In TestCaseA1
2020-12-27 20:05:17,889 INFO  [log] Y-------------DummyA8-------------DummyA8
2020-12-27 20:05:20,305 INFO  [log] In TestCaseA2
2020-12-27 20:05:22,250 INFO  [log] In TestCaseB1
2020-12-27 20:05:22,251 INFO  [log] In TestCaseB1
2020-12-27 20:05:26,316 INFO  [log] In TestCaseB2
2020-12-27 20:05:28,872 INFO  [log] In TestCaseC1
2020-12-27 20:05:28,873 INFO  [log] In TestCaseC1
2020-12-27 20:05:33,372 INFO  [log] In TestCaseC2
2020-12-27 20:32:49,726 INFO  [log] In TestCaseA1
2020-12-27 20:32:49,809 INFO  [log] Y-------------DummyA2-------------DummyA2
2020-12-27 20:32:49,849 INFO  [log] In TestCaseA1
2020-12-27 20:32:49,849 INFO  [log] Y-------------DummyA8-------------DummyA8
2020-12-27 20:32:52,613 INFO  [log] In TestCaseA2
2020-12-27 20:32:54,695 INFO  [log] In TestCaseB1
2020-12-27 20:32:54,696 INFO  [log] In TestCaseB1
2020-12-27 20:32:56,583 INFO  [log] In TestCaseB2
2020-12-27 20:32:58,363 INFO  [log] In TestCaseC1
2020-12-27 20:32:58,364 INFO  [log] In TestCaseC1
2020-12-27 20:32:59,924 INFO  [log] In TestCaseC2
2020-12-28 07:30:15,057 INFO  [log] In TestCaseA1
2020-12-28 07:30:15,139 INFO  [log] Y-------------DummyA2-------------DummyA2
2020-12-28 07:30:15,205 INFO  [log] In TestCaseA1
2020-12-28 07:30:15,205 INFO  [log] Y-------------DummyA8-------------DummyA8
2020-12-28 07:30:18,209 INFO  [log] In TestCaseA2
2020-12-28 07:30:21,156 INFO  [log] In TestCaseB1
2020-12-28 07:30:21,158 INFO  [log] In TestCaseB1
2020-12-28 07:30:23,198 INFO  [log] In TestCaseB2
2020-12-28 07:30:25,686 INFO  [log] In TestCaseC1
2020-12-28 07:30:25,686 INFO  [log] In TestCaseC1
2020-12-28 07:30:27,945 INFO  [log] In TestCaseC2
2020-12-28 07:32:40,838 INFO  [log] In TestCaseA1
2020-12-28 07:32:40,856 INFO  [log] Y-------------DummyA2-------------DummyA2
2020-12-28 07:32:40,887 INFO  [log] In TestCaseA1
2020-12-28 07:32:40,888 INFO  [log] Y-------------DummyA8-------------DummyA8
2020-12-28 07:32:43,430 INFO  [log] In TestCaseA2
2020-12-28 07:32:45,658 INFO  [log] In TestCaseB1
2020-12-28 07:32:45,660 INFO  [log] In TestCaseB1
2020-12-28 07:32:47,375 INFO  [log] In TestCaseB2
2020-12-28 07:32:49,225 INFO  [log] In TestCaseC1
2020-12-28 07:32:49,225 INFO  [log] In TestCaseC1
2020-12-28 07:32:50,941 INFO  [log] In TestCaseC2
